{"/Users/mutatipo/Ejercicios/2016/mongoose/app.js":{"path":"/Users/mutatipo/Ejercicios/2016/mongoose/app.js","s":{"1":1,"2":1,"3":1,"4":1,"5":1,"6":1,"7":1,"8":1,"9":1,"10":1,"11":1,"12":1,"13":1,"14":1,"15":1},"b":{},"f":{},"fnMap":{},"statementMap":{"1":{"start":{"line":2,"column":0},"end":{"line":2,"column":34}},"2":{"start":{"line":3,"column":0},"end":{"line":3,"column":21}},"3":{"start":{"line":4,"column":0},"end":{"line":4,"column":41}},"4":{"start":{"line":5,"column":0},"end":{"line":5,"column":45}},"5":{"start":{"line":6,"column":0},"end":{"line":6,"column":28}},"6":{"start":{"line":9,"column":0},"end":{"line":9,"column":40}},"7":{"start":{"line":16,"column":0},"end":{"line":16,"column":41}},"8":{"start":{"line":19,"column":0},"end":{"line":19,"column":53}},"9":{"start":{"line":21,"column":0},"end":{"line":21,"column":23}},"10":{"start":{"line":22,"column":0},"end":{"line":22,"column":26}},"11":{"start":{"line":23,"column":0},"end":{"line":23,"column":29}},"12":{"start":{"line":24,"column":0},"end":{"line":24,"column":24}},"13":{"start":{"line":25,"column":0},"end":{"line":25,"column":57}},"14":{"start":{"line":27,"column":0},"end":{"line":27,"column":20}},"15":{"start":{"line":33,"column":0},"end":{"line":33,"column":20}}},"branchMap":{}},"/Users/mutatipo/Ejercicios/2016/mongoose/lib/error.js":{"path":"/Users/mutatipo/Ejercicios/2016/mongoose/lib/error.js","s":{"1":11,"2":11,"3":11,"4":11,"5":11,"6":11,"7":1,"8":11,"9":11,"10":11,"11":1,"12":1,"13":1,"14":1},"b":{"1":[11,0],"2":[11,0],"3":[11,11]},"f":{"1":11,"2":11,"3":1},"fnMap":{"1":{"name":"(anonymous_1)","line":4,"loc":{"start":{"line":4,"column":14},"end":{"line":4,"column":30}}},"2":{"name":"throwError","line":34,"loc":{"start":{"line":34,"column":0},"end":{"line":34,"column":36}}},"3":{"name":"path","line":40,"loc":{"start":{"line":40,"column":0},"end":{"line":40,"column":31}}}},"statementMap":{"1":{"start":{"line":5,"column":4},"end":{"line":18,"column":5}},"2":{"start":{"line":20,"column":4},"end":{"line":20,"column":25}},"3":{"start":{"line":21,"column":4},"end":{"line":21,"column":27}},"4":{"start":{"line":23,"column":4},"end":{"line":25,"column":5}},"5":{"start":{"line":24,"column":6},"end":{"line":24,"column":90}},"6":{"start":{"line":27,"column":4},"end":{"line":30,"column":5}},"7":{"start":{"line":34,"column":0},"end":{"line":38,"column":1}},"8":{"start":{"line":35,"column":2},"end":{"line":35,"column":27}},"9":{"start":{"line":36,"column":2},"end":{"line":36,"column":38}},"10":{"start":{"line":37,"column":2},"end":{"line":37,"column":21}},"11":{"start":{"line":40,"column":0},"end":{"line":43,"column":1}},"12":{"start":{"line":41,"column":2},"end":{"line":41,"column":17}},"13":{"start":{"line":42,"column":2},"end":{"line":42,"column":29}},"14":{"start":{"line":45,"column":0},"end":{"line":48,"column":1}}},"branchMap":{"1":{"line":23,"type":"if","locations":[{"start":{"line":23,"column":4},"end":{"line":23,"column":4}},{"start":{"line":23,"column":4},"end":{"line":23,"column":4}}]},"2":{"line":24,"type":"cond-expr","locations":[{"start":{"line":24,"column":49},"end":{"line":24,"column":73}},{"start":{"line":24,"column":76},"end":{"line":24,"column":90}}]},"3":{"line":35,"type":"binary-expr","locations":[{"start":{"line":35,"column":12},"end":{"line":35,"column":19}},{"start":{"line":35,"column":23},"end":{"line":35,"column":27}}]}}},"/Users/mutatipo/Ejercicios/2016/mongoose/admin/admin.js":{"path":"/Users/mutatipo/Ejercicios/2016/mongoose/admin/admin.js","s":{"1":1,"2":1,"3":1,"4":1,"5":1,"6":1,"7":1,"8":1,"9":0,"10":1,"11":8,"12":8,"13":3,"14":3,"15":3,"16":0,"17":3,"18":1,"19":2,"20":2,"21":3,"22":2,"23":2,"24":1,"25":1,"26":3,"27":3,"28":3,"29":3,"30":0,"31":3,"32":3,"33":3,"34":2,"35":3,"36":3,"37":3,"38":3,"39":1,"40":2,"41":0,"42":2,"43":2,"44":2,"45":1,"46":1,"47":1},"b":{"1":[0,3],"2":[1,2],"3":[1,1],"4":[0,3],"5":[3,0],"6":[3,0],"7":[3,1],"8":[1,2],"9":[1,1]},"f":{},"fnMap":{},"statementMap":{"1":{"start":{"line":2,"column":0},"end":{"line":2,"column":34}},"2":{"start":{"line":3,"column":0},"end":{"line":3,"column":31}},"3":{"start":{"line":4,"column":0},"end":{"line":4,"column":52}},"4":{"start":{"line":5,"column":0},"end":{"line":5,"column":41}},"5":{"start":{"line":6,"column":0},"end":{"line":6,"column":31}},"6":{"start":{"line":7,"column":0},"end":{"line":7,"column":40}},"7":{"start":{"line":10,"column":0},"end":{"line":10,"column":40}},"8":{"start":{"line":13,"column":0},"end":{"line":15,"column":2}},"9":{"start":{"line":14,"column":2},"end":{"line":14,"column":8}},"10":{"start":{"line":17,"column":0},"end":{"line":74,"column":4}},"11":{"start":{"line":19,"column":4},"end":{"line":19,"column":101}},"12":{"start":{"line":20,"column":4},"end":{"line":20,"column":10}},"13":{"start":{"line":24,"column":4},"end":{"line":24,"column":40}},"14":{"start":{"line":25,"column":4},"end":{"line":38,"column":6}},"15":{"start":{"line":26,"column":6},"end":{"line":26,"column":35}},"16":{"start":{"line":26,"column":15},"end":{"line":26,"column":35}},"17":{"start":{"line":27,"column":6},"end":{"line":27,"column":64}},"18":{"start":{"line":27,"column":28},"end":{"line":27,"column":64}},"19":{"start":{"line":29,"column":6},"end":{"line":29,"column":24}},"20":{"start":{"line":30,"column":6},"end":{"line":32,"column":7}},"21":{"start":{"line":31,"column":8},"end":{"line":31,"column":69}},"22":{"start":{"line":34,"column":6},"end":{"line":37,"column":8}},"23":{"start":{"line":35,"column":8},"end":{"line":35,"column":37}},"24":{"start":{"line":35,"column":17},"end":{"line":35,"column":37}},"25":{"start":{"line":36,"column":8},"end":{"line":36,"column":22}},"26":{"start":{"line":42,"column":4},"end":{"line":42,"column":28}},"27":{"start":{"line":43,"column":4},"end":{"line":43,"column":40}},"28":{"start":{"line":47,"column":4},"end":{"line":65,"column":6}},"29":{"start":{"line":48,"column":6},"end":{"line":48,"column":35}},"30":{"start":{"line":48,"column":15},"end":{"line":48,"column":35}},"31":{"start":{"line":49,"column":6},"end":{"line":54,"column":7}},"32":{"start":{"line":50,"column":8},"end":{"line":50,"column":26}},"33":{"start":{"line":51,"column":8},"end":{"line":53,"column":9}},"34":{"start":{"line":52,"column":10},"end":{"line":52,"column":71}},"35":{"start":{"line":56,"column":6},"end":{"line":64,"column":7}},"36":{"start":{"line":57,"column":8},"end":{"line":57,"column":27}},"37":{"start":{"line":58,"column":8},"end":{"line":61,"column":10}},"38":{"start":{"line":59,"column":10},"end":{"line":59,"column":39}},"39":{"start":{"line":59,"column":19},"end":{"line":59,"column":39}},"40":{"start":{"line":60,"column":10},"end":{"line":60,"column":24}},"41":{"start":{"line":63,"column":8},"end":{"line":63,"column":55}},"42":{"start":{"line":69,"column":4},"end":{"line":69,"column":29}},"43":{"start":{"line":70,"column":4},"end":{"line":73,"column":6}},"44":{"start":{"line":71,"column":6},"end":{"line":71,"column":35}},"45":{"start":{"line":71,"column":15},"end":{"line":71,"column":35}},"46":{"start":{"line":72,"column":6},"end":{"line":72,"column":55}},"47":{"start":{"line":76,"column":0},"end":{"line":76,"column":23}}},"branchMap":{"1":{"line":26,"type":"if","locations":[{"start":{"line":26,"column":6},"end":{"line":26,"column":6}},{"start":{"line":26,"column":6},"end":{"line":26,"column":6}}]},"2":{"line":27,"type":"if","locations":[{"start":{"line":27,"column":6},"end":{"line":27,"column":6}},{"start":{"line":27,"column":6},"end":{"line":27,"column":6}}]},"3":{"line":35,"type":"if","locations":[{"start":{"line":35,"column":8},"end":{"line":35,"column":8}},{"start":{"line":35,"column":8},"end":{"line":35,"column":8}}]},"4":{"line":48,"type":"if","locations":[{"start":{"line":48,"column":6},"end":{"line":48,"column":6}},{"start":{"line":48,"column":6},"end":{"line":48,"column":6}}]},"5":{"line":49,"type":"if","locations":[{"start":{"line":49,"column":6},"end":{"line":49,"column":6}},{"start":{"line":49,"column":6},"end":{"line":49,"column":6}}]},"6":{"line":56,"type":"if","locations":[{"start":{"line":56,"column":6},"end":{"line":56,"column":6}},{"start":{"line":56,"column":6},"end":{"line":56,"column":6}}]},"7":{"line":56,"type":"binary-expr","locations":[{"start":{"line":56,"column":10},"end":{"line":56,"column":23}},{"start":{"line":56,"column":27},"end":{"line":56,"column":46}}]},"8":{"line":59,"type":"if","locations":[{"start":{"line":59,"column":10},"end":{"line":59,"column":10}},{"start":{"line":59,"column":10},"end":{"line":59,"column":10}}]},"9":{"line":71,"type":"if","locations":[{"start":{"line":71,"column":6},"end":{"line":71,"column":6}},{"start":{"line":71,"column":6},"end":{"line":71,"column":6}}]}}},"/Users/mutatipo/Ejercicios/2016/mongoose/db/queries/db-admin.js":{"path":"/Users/mutatipo/Ejercicios/2016/mongoose/db/queries/db-admin.js","s":{"1":1,"2":1,"3":1,"4":1,"5":1,"6":1,"7":8,"8":8,"9":4,"10":4,"11":8,"12":1,"13":3,"14":3,"15":2,"16":3,"17":3,"18":1,"19":3,"20":4,"21":4,"22":0,"23":3,"24":1,"25":2,"26":2,"27":0,"28":2,"29":1,"30":1,"31":1,"32":1,"33":1,"34":0,"35":1,"36":1,"37":1,"38":0,"39":1,"40":1,"41":3,"42":3,"43":3,"44":3,"45":0,"46":3,"47":1,"48":2,"49":2,"50":14,"51":14,"52":6,"53":8,"54":4,"55":4,"56":20,"57":20,"58":4,"59":16,"60":0,"61":2,"62":2,"63":0,"64":2,"65":2,"66":1,"67":2,"68":2,"69":0,"70":2,"71":1,"72":1,"73":0,"74":1,"75":1,"76":1,"77":0,"78":1,"79":1,"80":1},"b":{"1":[4,4],"2":[2,1],"3":[3,1],"4":[3,3],"5":[3,0],"6":[3,3],"7":[3,3],"8":[3,3],"9":[3,3],"10":[3,3],"11":[3,3],"12":[3,3,3],"13":[0,4],"14":[0,2],"15":[1,1],"16":[0,1],"17":[0,1],"18":[0,3],"19":[1,2],"20":[6,8],"21":[4,4],"22":[20,0],"23":[4,16],"24":[0,2],"25":[0,2],"26":[1,1],"27":[0,1],"28":[0,1]},"f":{"1":8,"2":3,"3":3,"4":2,"5":3,"6":2},"fnMap":{"1":{"name":"arraysPush","line":9,"loc":{"start":{"line":9,"column":0},"end":{"line":9,"column":47}}},"2":{"name":"constructTemplate","line":19,"loc":{"start":{"line":19,"column":0},"end":{"line":19,"column":36}}},"3":{"name":"imgBehavior","line":49,"loc":{"start":{"line":49,"column":0},"end":{"line":49,"column":48}}},"4":{"name":"createPost","line":58,"loc":{"start":{"line":58,"column":0},"end":{"line":58,"column":39}}},"5":{"name":"updatePost","line":77,"loc":{"start":{"line":77,"column":0},"end":{"line":77,"column":39}}},"6":{"name":"deletePost","line":119,"loc":{"start":{"line":119,"column":0},"end":{"line":119,"column":39}}}},"statementMap":{"1":{"start":{"line":3,"column":0},"end":{"line":3,"column":35}},"2":{"start":{"line":4,"column":0},"end":{"line":4,"column":42}},"3":{"start":{"line":5,"column":0},"end":{"line":5,"column":31}},"4":{"start":{"line":6,"column":0},"end":{"line":6,"column":44}},"5":{"start":{"line":7,"column":0},"end":{"line":7,"column":30}},"6":{"start":{"line":9,"column":0},"end":{"line":17,"column":1}},"7":{"start":{"line":10,"column":2},"end":{"line":10,"column":16}},"8":{"start":{"line":11,"column":2},"end":{"line":15,"column":3}},"9":{"start":{"line":12,"column":4},"end":{"line":12,"column":35}},"10":{"start":{"line":14,"column":4},"end":{"line":14,"column":19}},"11":{"start":{"line":16,"column":2},"end":{"line":16,"column":22}},"12":{"start":{"line":19,"column":0},"end":{"line":47,"column":1}},"13":{"start":{"line":20,"column":2},"end":{"line":20,"column":21}},"14":{"start":{"line":21,"column":2},"end":{"line":23,"column":3}},"15":{"start":{"line":22,"column":4},"end":{"line":22,"column":30}},"16":{"start":{"line":25,"column":2},"end":{"line":45,"column":3}},"17":{"start":{"line":46,"column":2},"end":{"line":46,"column":17}},"18":{"start":{"line":49,"column":0},"end":{"line":56,"column":1}},"19":{"start":{"line":50,"column":2},"end":{"line":54,"column":4}},"20":{"start":{"line":51,"column":4},"end":{"line":53,"column":6}},"21":{"start":{"line":52,"column":6},"end":{"line":52,"column":51}},"22":{"start":{"line":52,"column":15},"end":{"line":52,"column":51}},"23":{"start":{"line":55,"column":2},"end":{"line":55,"column":16}},"24":{"start":{"line":58,"column":0},"end":{"line":75,"column":1}},"25":{"start":{"line":59,"column":2},"end":{"line":74,"column":4}},"26":{"start":{"line":60,"column":4},"end":{"line":60,"column":55}},"27":{"start":{"line":60,"column":13},"end":{"line":60,"column":55}},"28":{"start":{"line":61,"column":4},"end":{"line":61,"column":55}},"29":{"start":{"line":61,"column":13},"end":{"line":61,"column":55}},"30":{"start":{"line":63,"column":4},"end":{"line":63,"column":44}},"31":{"start":{"line":64,"column":4},"end":{"line":64,"column":34}},"32":{"start":{"line":65,"column":4},"end":{"line":73,"column":6}},"33":{"start":{"line":66,"column":6},"end":{"line":66,"column":57}},"34":{"start":{"line":66,"column":15},"end":{"line":66,"column":57}},"35":{"start":{"line":67,"column":6},"end":{"line":67,"column":48}},"36":{"start":{"line":68,"column":6},"end":{"line":70,"column":8}},"37":{"start":{"line":69,"column":8},"end":{"line":69,"column":37}},"38":{"start":{"line":69,"column":17},"end":{"line":69,"column":37}},"39":{"start":{"line":72,"column":6},"end":{"line":72,"column":28}},"40":{"start":{"line":77,"column":0},"end":{"line":117,"column":1}},"41":{"start":{"line":78,"column":2},"end":{"line":78,"column":28}},"42":{"start":{"line":79,"column":2},"end":{"line":79,"column":22}},"43":{"start":{"line":81,"column":2},"end":{"line":116,"column":4}},"44":{"start":{"line":82,"column":4},"end":{"line":82,"column":68}},"45":{"start":{"line":82,"column":13},"end":{"line":82,"column":68}},"46":{"start":{"line":83,"column":4},"end":{"line":83,"column":60}},"47":{"start":{"line":83,"column":18},"end":{"line":83,"column":60}},"48":{"start":{"line":85,"column":4},"end":{"line":85,"column":38}},"49":{"start":{"line":87,"column":4},"end":{"line":108,"column":5}},"50":{"start":{"line":88,"column":6},"end":{"line":88,"column":23}},"51":{"start":{"line":89,"column":6},"end":{"line":107,"column":7}},"52":{"start":{"line":90,"column":8},"end":{"line":90,"column":36}},"53":{"start":{"line":92,"column":8},"end":{"line":106,"column":9}},"54":{"start":{"line":93,"column":10},"end":{"line":93,"column":73}},"55":{"start":{"line":95,"column":10},"end":{"line":105,"column":11}},"56":{"start":{"line":96,"column":12},"end":{"line":104,"column":13}},"57":{"start":{"line":97,"column":14},"end":{"line":101,"column":15}},"58":{"start":{"line":98,"column":16},"end":{"line":98,"column":94}},"59":{"start":{"line":100,"column":16},"end":{"line":100,"column":54}},"60":{"start":{"line":103,"column":14},"end":{"line":103,"column":56}},"61":{"start":{"line":110,"column":4},"end":{"line":112,"column":6}},"62":{"start":{"line":111,"column":6},"end":{"line":111,"column":35}},"63":{"start":{"line":111,"column":15},"end":{"line":111,"column":35}},"64":{"start":{"line":114,"column":4},"end":{"line":114,"column":18}},"65":{"start":{"line":115,"column":4},"end":{"line":115,"column":27}},"66":{"start":{"line":119,"column":0},"end":{"line":137,"column":1}},"67":{"start":{"line":120,"column":2},"end":{"line":136,"column":4}},"68":{"start":{"line":121,"column":4},"end":{"line":121,"column":68}},"69":{"start":{"line":121,"column":13},"end":{"line":121,"column":68}},"70":{"start":{"line":123,"column":4},"end":{"line":135,"column":5}},"71":{"start":{"line":124,"column":6},"end":{"line":127,"column":8}},"72":{"start":{"line":125,"column":8},"end":{"line":125,"column":59}},"73":{"start":{"line":125,"column":17},"end":{"line":125,"column":59}},"74":{"start":{"line":126,"column":8},"end":{"line":126,"column":65}},"75":{"start":{"line":129,"column":6},"end":{"line":132,"column":8}},"76":{"start":{"line":130,"column":8},"end":{"line":130,"column":72}},"77":{"start":{"line":130,"column":17},"end":{"line":130,"column":72}},"78":{"start":{"line":131,"column":8},"end":{"line":131,"column":37}},"79":{"start":{"line":134,"column":6},"end":{"line":134,"column":41}},"80":{"start":{"line":139,"column":0},"end":{"line":143,"column":1}}},"branchMap":{"1":{"line":11,"type":"if","locations":[{"start":{"line":11,"column":2},"end":{"line":11,"column":2}},{"start":{"line":11,"column":2},"end":{"line":11,"column":2}}]},"2":{"line":21,"type":"if","locations":[{"start":{"line":21,"column":2},"end":{"line":21,"column":2}},{"start":{"line":21,"column":2},"end":{"line":21,"column":2}}]},"3":{"line":26,"type":"binary-expr","locations":[{"start":{"line":26,"column":18},"end":{"line":26,"column":26}},{"start":{"line":26,"column":30},"end":{"line":26,"column":47}}]},"4":{"line":27,"type":"binary-expr","locations":[{"start":{"line":27,"column":16},"end":{"line":27,"column":31}},{"start":{"line":27,"column":35},"end":{"line":27,"column":40}}]},"5":{"line":29,"type":"binary-expr","locations":[{"start":{"line":29,"column":14},"end":{"line":29,"column":27}},{"start":{"line":29,"column":31},"end":{"line":29,"column":33}}]},"6":{"line":30,"type":"binary-expr","locations":[{"start":{"line":30,"column":14},"end":{"line":30,"column":27}},{"start":{"line":30,"column":31},"end":{"line":30,"column":33}}]},"7":{"line":36,"type":"binary-expr","locations":[{"start":{"line":36,"column":14},"end":{"line":36,"column":25}},{"start":{"line":36,"column":29},"end":{"line":36,"column":31}}]},"8":{"line":39,"type":"binary-expr","locations":[{"start":{"line":39,"column":20},"end":{"line":39,"column":40}},{"start":{"line":39,"column":44},"end":{"line":39,"column":61}}]},"9":{"line":40,"type":"binary-expr","locations":[{"start":{"line":40,"column":15},"end":{"line":40,"column":30}},{"start":{"line":40,"column":34},"end":{"line":40,"column":46}}]},"10":{"line":41,"type":"binary-expr","locations":[{"start":{"line":41,"column":18},"end":{"line":41,"column":36}},{"start":{"line":41,"column":40},"end":{"line":41,"column":55}}]},"11":{"line":42,"type":"binary-expr","locations":[{"start":{"line":42,"column":17},"end":{"line":42,"column":34}},{"start":{"line":42,"column":38},"end":{"line":42,"column":52}}]},"12":{"line":43,"type":"binary-expr","locations":[{"start":{"line":43,"column":14},"end":{"line":43,"column":28}},{"start":{"line":43,"column":32},"end":{"line":43,"column":43}},{"start":{"line":43,"column":47},"end":{"line":43,"column":49}}]},"13":{"line":52,"type":"if","locations":[{"start":{"line":52,"column":6},"end":{"line":52,"column":6}},{"start":{"line":52,"column":6},"end":{"line":52,"column":6}}]},"14":{"line":60,"type":"if","locations":[{"start":{"line":60,"column":4},"end":{"line":60,"column":4}},{"start":{"line":60,"column":4},"end":{"line":60,"column":4}}]},"15":{"line":61,"type":"if","locations":[{"start":{"line":61,"column":4},"end":{"line":61,"column":4}},{"start":{"line":61,"column":4},"end":{"line":61,"column":4}}]},"16":{"line":66,"type":"if","locations":[{"start":{"line":66,"column":6},"end":{"line":66,"column":6}},{"start":{"line":66,"column":6},"end":{"line":66,"column":6}}]},"17":{"line":69,"type":"if","locations":[{"start":{"line":69,"column":8},"end":{"line":69,"column":8}},{"start":{"line":69,"column":8},"end":{"line":69,"column":8}}]},"18":{"line":82,"type":"if","locations":[{"start":{"line":82,"column":4},"end":{"line":82,"column":4}},{"start":{"line":82,"column":4},"end":{"line":82,"column":4}}]},"19":{"line":83,"type":"if","locations":[{"start":{"line":83,"column":4},"end":{"line":83,"column":4}},{"start":{"line":83,"column":4},"end":{"line":83,"column":4}}]},"20":{"line":89,"type":"if","locations":[{"start":{"line":89,"column":6},"end":{"line":89,"column":6}},{"start":{"line":89,"column":6},"end":{"line":89,"column":6}}]},"21":{"line":92,"type":"if","locations":[{"start":{"line":92,"column":8},"end":{"line":92,"column":8}},{"start":{"line":92,"column":8},"end":{"line":92,"column":8}}]},"22":{"line":96,"type":"if","locations":[{"start":{"line":96,"column":12},"end":{"line":96,"column":12}},{"start":{"line":96,"column":12},"end":{"line":96,"column":12}}]},"23":{"line":97,"type":"if","locations":[{"start":{"line":97,"column":14},"end":{"line":97,"column":14}},{"start":{"line":97,"column":14},"end":{"line":97,"column":14}}]},"24":{"line":111,"type":"if","locations":[{"start":{"line":111,"column":6},"end":{"line":111,"column":6}},{"start":{"line":111,"column":6},"end":{"line":111,"column":6}}]},"25":{"line":121,"type":"if","locations":[{"start":{"line":121,"column":4},"end":{"line":121,"column":4}},{"start":{"line":121,"column":4},"end":{"line":121,"column":4}}]},"26":{"line":123,"type":"if","locations":[{"start":{"line":123,"column":4},"end":{"line":123,"column":4}},{"start":{"line":123,"column":4},"end":{"line":123,"column":4}}]},"27":{"line":125,"type":"if","locations":[{"start":{"line":125,"column":8},"end":{"line":125,"column":8}},{"start":{"line":125,"column":8},"end":{"line":125,"column":8}}]},"28":{"line":130,"type":"if","locations":[{"start":{"line":130,"column":8},"end":{"line":130,"column":8}},{"start":{"line":130,"column":8},"end":{"line":130,"column":8}}]}}},"/Users/mutatipo/Ejercicios/2016/mongoose/db/db-main.js":{"path":"/Users/mutatipo/Ejercicios/2016/mongoose/db/db-main.js","s":{"1":1,"2":1,"3":1,"4":1,"5":1,"6":1,"7":1},"b":{},"f":{},"fnMap":{},"statementMap":{"1":{"start":{"line":3,"column":0},"end":{"line":3,"column":36}},"2":{"start":{"line":4,"column":0},"end":{"line":4,"column":50}},"3":{"start":{"line":5,"column":0},"end":{"line":5,"column":30}},"4":{"start":{"line":7,"column":0},"end":{"line":7,"column":47}},"5":{"start":{"line":10,"column":0},"end":{"line":10,"column":43}},"6":{"start":{"line":13,"column":0},"end":{"line":13,"column":46}},"7":{"start":{"line":16,"column":0},"end":{"line":16,"column":21}}},"branchMap":{}},"/Users/mutatipo/Ejercicios/2016/mongoose/db/schemas/posts.js":{"path":"/Users/mutatipo/Ejercicios/2016/mongoose/db/schemas/posts.js","s":{"1":1,"2":1,"3":1,"4":1},"b":{},"f":{},"fnMap":{},"statementMap":{"1":{"start":{"line":2,"column":0},"end":{"line":2,"column":24}},"2":{"start":{"line":3,"column":0},"end":{"line":3,"column":64}},"3":{"start":{"line":4,"column":0},"end":{"line":4,"column":35}},"4":{"start":{"line":6,"column":0},"end":{"line":34,"column":1}}},"branchMap":{}},"/Users/mutatipo/Ejercicios/2016/mongoose/db/queries/db-public.js":{"path":"/Users/mutatipo/Ejercicios/2016/mongoose/db/queries/db-public.js","s":{"1":1,"2":1,"3":4,"4":2,"5":2,"6":4,"7":4,"8":1,"9":9,"10":9,"11":1},"b":{"1":[2,2]},"f":{"1":4,"2":9},"fnMap":{"1":{"name":"all","line":6,"loc":{"start":{"line":6,"column":0},"end":{"line":6,"column":32}}},"2":{"name":"oneItem","line":18,"loc":{"start":{"line":18,"column":0},"end":{"line":18,"column":36}}}},"statementMap":{"1":{"start":{"line":3,"column":0},"end":{"line":3,"column":35}},"2":{"start":{"line":6,"column":0},"end":{"line":15,"column":1}},"3":{"start":{"line":7,"column":2},"end":{"line":11,"column":3}},"4":{"start":{"line":8,"column":4},"end":{"line":8,"column":15}},"5":{"start":{"line":10,"column":4},"end":{"line":10,"column":64}},"6":{"start":{"line":12,"column":2},"end":{"line":14,"column":4}},"7":{"start":{"line":13,"column":4},"end":{"line":13,"column":34}},"8":{"start":{"line":18,"column":0},"end":{"line":22,"column":1}},"9":{"start":{"line":19,"column":2},"end":{"line":21,"column":4}},"10":{"start":{"line":20,"column":4},"end":{"line":20,"column":33}},"11":{"start":{"line":24,"column":0},"end":{"line":27,"column":1}}},"branchMap":{"1":{"line":7,"type":"if","locations":[{"start":{"line":7,"column":2},"end":{"line":7,"column":2}},{"start":{"line":7,"column":2},"end":{"line":7,"column":2}}]}}},"/Users/mutatipo/Ejercicios/2016/mongoose/lib/image.js":{"path":"/Users/mutatipo/Ejercicios/2016/mongoose/lib/image.js","s":{"1":1,"2":1,"3":1,"4":5,"5":5,"6":5,"7":5,"8":5,"9":5,"10":5,"11":4,"12":4,"13":0,"14":4,"15":4,"16":4,"17":0,"18":4,"19":4,"20":4,"21":0,"22":4,"23":4,"24":0,"25":4,"26":4,"27":1},"b":{"1":[0,4],"2":[0,4],"3":[0,4],"4":[0,4]},"f":{"1":5,"2":4,"3":4,"4":4},"fnMap":{"1":{"name":"(anonymous_1)","line":9,"loc":{"start":{"line":9,"column":14},"end":{"line":9,"column":30}}},"2":{"name":"(anonymous_2)","line":19,"loc":{"start":{"line":19,"column":12},"end":{"line":19,"column":23}}},"3":{"name":"(anonymous_3)","line":26,"loc":{"start":{"line":26,"column":17},"end":{"line":26,"column":28}}},"4":{"name":"(anonymous_4)","line":33,"loc":{"start":{"line":33,"column":7},"end":{"line":33,"column":18}}}},"statementMap":{"1":{"start":{"line":4,"column":0},"end":{"line":4,"column":28}},"2":{"start":{"line":5,"column":0},"end":{"line":5,"column":30}},"3":{"start":{"line":6,"column":0},"end":{"line":6,"column":41}},"4":{"start":{"line":10,"column":4},"end":{"line":10,"column":26}},"5":{"start":{"line":11,"column":4},"end":{"line":11,"column":20}},"6":{"start":{"line":12,"column":4},"end":{"line":12,"column":25}},"7":{"start":{"line":13,"column":4},"end":{"line":13,"column":25}},"8":{"start":{"line":14,"column":4},"end":{"line":14,"column":25}},"9":{"start":{"line":15,"column":4},"end":{"line":15,"column":102}},"10":{"start":{"line":16,"column":4},"end":{"line":16,"column":38}},"11":{"start":{"line":20,"column":4},"end":{"line":23,"column":6}},"12":{"start":{"line":21,"column":6},"end":{"line":21,"column":35}},"13":{"start":{"line":21,"column":15},"end":{"line":21,"column":35}},"14":{"start":{"line":22,"column":6},"end":{"line":22,"column":20}},"15":{"start":{"line":27,"column":4},"end":{"line":29,"column":6}},"16":{"start":{"line":28,"column":6},"end":{"line":28,"column":51}},"17":{"start":{"line":28,"column":15},"end":{"line":28,"column":51}},"18":{"start":{"line":30,"column":4},"end":{"line":30,"column":18}},"19":{"start":{"line":34,"column":4},"end":{"line":40,"column":6}},"20":{"start":{"line":35,"column":6},"end":{"line":35,"column":51}},"21":{"start":{"line":35,"column":15},"end":{"line":35,"column":51}},"22":{"start":{"line":36,"column":6},"end":{"line":39,"column":8}},"23":{"start":{"line":37,"column":8},"end":{"line":37,"column":53}},"24":{"start":{"line":37,"column":17},"end":{"line":37,"column":53}},"25":{"start":{"line":38,"column":8},"end":{"line":38,"column":50}},"26":{"start":{"line":42,"column":4},"end":{"line":42,"column":18}},"27":{"start":{"line":46,"column":0},"end":{"line":46,"column":22}}},"branchMap":{"1":{"line":21,"type":"if","locations":[{"start":{"line":21,"column":6},"end":{"line":21,"column":6}},{"start":{"line":21,"column":6},"end":{"line":21,"column":6}}]},"2":{"line":28,"type":"if","locations":[{"start":{"line":28,"column":6},"end":{"line":28,"column":6}},{"start":{"line":28,"column":6},"end":{"line":28,"column":6}}]},"3":{"line":35,"type":"if","locations":[{"start":{"line":35,"column":6},"end":{"line":35,"column":6}},{"start":{"line":35,"column":6},"end":{"line":35,"column":6}}]},"4":{"line":37,"type":"if","locations":[{"start":{"line":37,"column":8},"end":{"line":37,"column":8}},{"start":{"line":37,"column":8},"end":{"line":37,"column":8}}]}}},"/Users/mutatipo/Ejercicios/2016/mongoose/routes/public-routes.js":{"path":"/Users/mutatipo/Ejercicios/2016/mongoose/routes/public-routes.js","s":{"1":1,"2":1,"3":1,"4":1,"5":1,"6":4,"7":4,"8":4,"9":0,"10":4,"11":2,"12":2,"13":1,"14":2,"15":2,"16":2,"17":0,"18":2,"19":1,"20":1,"21":1},"b":{"1":[0,4],"2":[2,2],"3":[0,2],"4":[1,1]},"f":{},"fnMap":{},"statementMap":{"1":{"start":{"line":3,"column":0},"end":{"line":3,"column":34}},"2":{"start":{"line":4,"column":0},"end":{"line":4,"column":31}},"3":{"start":{"line":5,"column":0},"end":{"line":5,"column":54}},"4":{"start":{"line":6,"column":0},"end":{"line":6,"column":41}},"5":{"start":{"line":9,"column":0},"end":{"line":19,"column":2}},"6":{"start":{"line":10,"column":2},"end":{"line":10,"column":28}},"7":{"start":{"line":11,"column":2},"end":{"line":18,"column":4}},"8":{"start":{"line":12,"column":4},"end":{"line":12,"column":33}},"9":{"start":{"line":12,"column":13},"end":{"line":12,"column":33}},"10":{"start":{"line":13,"column":4},"end":{"line":17,"column":5}},"11":{"start":{"line":14,"column":6},"end":{"line":14,"column":24}},"12":{"start":{"line":16,"column":6},"end":{"line":16,"column":36}},"13":{"start":{"line":22,"column":0},"end":{"line":33,"column":2}},"14":{"start":{"line":23,"column":2},"end":{"line":23,"column":28}},"15":{"start":{"line":24,"column":2},"end":{"line":32,"column":4}},"16":{"start":{"line":25,"column":4},"end":{"line":25,"column":33}},"17":{"start":{"line":25,"column":13},"end":{"line":25,"column":33}},"18":{"start":{"line":26,"column":4},"end":{"line":30,"column":5}},"19":{"start":{"line":27,"column":6},"end":{"line":27,"column":23}},"20":{"start":{"line":29,"column":6},"end":{"line":29,"column":36}},"21":{"start":{"line":35,"column":0},"end":{"line":35,"column":23}}},"branchMap":{"1":{"line":12,"type":"if","locations":[{"start":{"line":12,"column":4},"end":{"line":12,"column":4}},{"start":{"line":12,"column":4},"end":{"line":12,"column":4}}]},"2":{"line":13,"type":"if","locations":[{"start":{"line":13,"column":4},"end":{"line":13,"column":4}},{"start":{"line":13,"column":4},"end":{"line":13,"column":4}}]},"3":{"line":25,"type":"if","locations":[{"start":{"line":25,"column":4},"end":{"line":25,"column":4}},{"start":{"line":25,"column":4},"end":{"line":25,"column":4}}]},"4":{"line":26,"type":"if","locations":[{"start":{"line":26,"column":4},"end":{"line":26,"column":4}},{"start":{"line":26,"column":4},"end":{"line":26,"column":4}}]}}}}