TN:
SF:/Users/mutatipo/Ejercicios/2016/mongoose/app.js
FNF:0
FNH:0
DA:2,1
DA:3,1
DA:4,1
DA:5,1
DA:6,1
DA:9,1
DA:16,1
DA:19,1
DA:21,1
DA:22,1
DA:23,1
DA:24,1
DA:25,1
DA:27,1
DA:33,1
LF:15
LH:15
BRF:0
BRH:0
end_of_record
TN:
SF:/Users/mutatipo/Ejercicios/2016/mongoose/lib/error.js
FN:4,(anonymous_1)
FN:34,throwError
FN:40,path
FNF:3
FNH:3
FNDA:11,(anonymous_1)
FNDA:11,throwError
FNDA:1,path
DA:5,11
DA:20,11
DA:21,11
DA:23,11
DA:24,11
DA:27,11
DA:34,1
DA:35,11
DA:36,11
DA:37,11
DA:40,1
DA:41,1
DA:42,1
DA:45,1
LF:14
LH:14
BRDA:23,1,0,11
BRDA:23,1,1,0
BRDA:24,2,0,11
BRDA:24,2,1,0
BRDA:35,3,0,11
BRDA:35,3,1,11
BRF:6
BRH:4
end_of_record
TN:
SF:/Users/mutatipo/Ejercicios/2016/mongoose/admin/admin.js
FNF:0
FNH:0
DA:2,1
DA:3,1
DA:4,1
DA:5,1
DA:6,1
DA:7,1
DA:10,1
DA:13,1
DA:14,0
DA:17,1
DA:19,8
DA:20,8
DA:24,3
DA:25,3
DA:26,3
DA:27,3
DA:29,2
DA:30,2
DA:31,3
DA:34,2
DA:35,2
DA:36,1
DA:42,3
DA:43,3
DA:47,3
DA:48,3
DA:49,3
DA:50,3
DA:51,3
DA:52,2
DA:56,3
DA:57,3
DA:58,3
DA:59,3
DA:60,2
DA:63,0
DA:69,2
DA:70,2
DA:71,2
DA:72,1
DA:76,1
LF:41
LH:39
BRDA:26,1,0,0
BRDA:26,1,1,3
BRDA:27,2,0,1
BRDA:27,2,1,2
BRDA:35,3,0,1
BRDA:35,3,1,1
BRDA:48,4,0,0
BRDA:48,4,1,3
BRDA:49,5,0,3
BRDA:49,5,1,0
BRDA:56,6,0,3
BRDA:56,6,1,0
BRDA:56,7,0,3
BRDA:56,7,1,1
BRDA:59,8,0,1
BRDA:59,8,1,2
BRDA:71,9,0,1
BRDA:71,9,1,1
BRF:18
BRH:14
end_of_record
TN:
SF:/Users/mutatipo/Ejercicios/2016/mongoose/db/queries/db-admin.js
FN:9,arraysPush
FN:19,constructTemplate
FN:49,imgBehavior
FN:58,createPost
FN:77,updatePost
FN:119,deletePost
FNF:6
FNH:6
FNDA:8,arraysPush
FNDA:3,constructTemplate
FNDA:3,imgBehavior
FNDA:2,createPost
FNDA:3,updatePost
FNDA:2,deletePost
DA:3,1
DA:4,1
DA:5,1
DA:6,1
DA:7,1
DA:9,1
DA:10,8
DA:11,8
DA:12,4
DA:14,4
DA:16,8
DA:19,1
DA:20,3
DA:21,3
DA:22,2
DA:25,3
DA:46,3
DA:49,1
DA:50,3
DA:51,4
DA:52,4
DA:55,3
DA:58,1
DA:59,2
DA:60,2
DA:61,2
DA:63,1
DA:64,1
DA:65,1
DA:66,1
DA:67,1
DA:68,1
DA:69,1
DA:72,1
DA:77,1
DA:78,3
DA:79,3
DA:81,3
DA:82,3
DA:83,3
DA:85,2
DA:87,2
DA:88,14
DA:89,14
DA:90,6
DA:92,8
DA:93,4
DA:95,4
DA:96,20
DA:97,20
DA:98,4
DA:100,16
DA:103,0
DA:110,2
DA:111,2
DA:114,2
DA:115,2
DA:119,1
DA:120,2
DA:121,2
DA:123,2
DA:124,1
DA:125,1
DA:126,1
DA:129,1
DA:130,1
DA:131,1
DA:134,1
DA:139,1
LF:69
LH:68
BRDA:11,1,0,4
BRDA:11,1,1,4
BRDA:21,2,0,2
BRDA:21,2,1,1
BRDA:26,3,0,3
BRDA:26,3,1,1
BRDA:27,4,0,3
BRDA:27,4,1,3
BRDA:29,5,0,3
BRDA:29,5,1,0
BRDA:30,6,0,3
BRDA:30,6,1,3
BRDA:36,7,0,3
BRDA:36,7,1,3
BRDA:39,8,0,3
BRDA:39,8,1,3
BRDA:40,9,0,3
BRDA:40,9,1,3
BRDA:41,10,0,3
BRDA:41,10,1,3
BRDA:42,11,0,3
BRDA:42,11,1,3
BRDA:43,12,0,3
BRDA:43,12,1,3
BRDA:43,12,2,3
BRDA:52,13,0,0
BRDA:52,13,1,4
BRDA:60,14,0,0
BRDA:60,14,1,2
BRDA:61,15,0,1
BRDA:61,15,1,1
BRDA:66,16,0,0
BRDA:66,16,1,1
BRDA:69,17,0,0
BRDA:69,17,1,1
BRDA:82,18,0,0
BRDA:82,18,1,3
BRDA:83,19,0,1
BRDA:83,19,1,2
BRDA:89,20,0,6
BRDA:89,20,1,8
BRDA:92,21,0,4
BRDA:92,21,1,4
BRDA:96,22,0,20
BRDA:96,22,1,0
BRDA:97,23,0,4
BRDA:97,23,1,16
BRDA:111,24,0,0
BRDA:111,24,1,2
BRDA:121,25,0,0
BRDA:121,25,1,2
BRDA:123,26,0,1
BRDA:123,26,1,1
BRDA:125,27,0,0
BRDA:125,27,1,1
BRDA:130,28,0,0
BRDA:130,28,1,1
BRF:57
BRH:46
end_of_record
TN:
SF:/Users/mutatipo/Ejercicios/2016/mongoose/db/db-main.js
FNF:0
FNH:0
DA:3,1
DA:4,1
DA:5,1
DA:7,1
DA:10,1
DA:13,1
DA:16,1
LF:7
LH:7
BRF:0
BRH:0
end_of_record
TN:
SF:/Users/mutatipo/Ejercicios/2016/mongoose/db/schemas/posts.js
FNF:0
FNH:0
DA:2,1
DA:3,1
DA:4,1
DA:6,1
LF:4
LH:4
BRF:0
BRH:0
end_of_record
TN:
SF:/Users/mutatipo/Ejercicios/2016/mongoose/db/queries/db-public.js
FN:6,all
FN:18,oneItem
FNF:2
FNH:2
FNDA:4,all
FNDA:9,oneItem
DA:3,1
DA:6,1
DA:7,4
DA:8,2
DA:10,2
DA:12,4
DA:13,4
DA:18,1
DA:19,9
DA:20,9
DA:24,1
LF:11
LH:11
BRDA:7,1,0,2
BRDA:7,1,1,2
BRF:2
BRH:2
end_of_record
TN:
SF:/Users/mutatipo/Ejercicios/2016/mongoose/lib/image.js
FN:9,(anonymous_1)
FN:19,(anonymous_2)
FN:26,(anonymous_3)
FN:33,(anonymous_4)
FNF:4
FNH:4
FNDA:5,(anonymous_1)
FNDA:4,(anonymous_2)
FNDA:4,(anonymous_3)
FNDA:4,(anonymous_4)
DA:4,1
DA:5,1
DA:6,1
DA:10,5
DA:11,5
DA:12,5
DA:13,5
DA:14,5
DA:15,5
DA:16,5
DA:20,4
DA:21,4
DA:22,4
DA:27,4
DA:28,4
DA:30,4
DA:34,4
DA:35,4
DA:36,4
DA:37,4
DA:38,4
DA:42,4
DA:46,1
LF:23
LH:23
BRDA:21,1,0,0
BRDA:21,1,1,4
BRDA:28,2,0,0
BRDA:28,2,1,4
BRDA:35,3,0,0
BRDA:35,3,1,4
BRDA:37,4,0,0
BRDA:37,4,1,4
BRF:8
BRH:4
end_of_record
TN:
SF:/Users/mutatipo/Ejercicios/2016/mongoose/routes/public-routes.js
FNF:0
FNH:0
DA:3,1
DA:4,1
DA:5,1
DA:6,1
DA:9,1
DA:10,4
DA:11,4
DA:12,4
DA:13,4
DA:14,2
DA:16,2
DA:22,1
DA:23,2
DA:24,2
DA:25,2
DA:26,2
DA:27,1
DA:29,1
DA:35,1
LF:19
LH:19
BRDA:12,1,0,0
BRDA:12,1,1,4
BRDA:13,2,0,2
BRDA:13,2,1,2
BRDA:25,3,0,0
BRDA:25,3,1,2
BRDA:26,4,0,1
BRDA:26,4,1,1
BRF:8
BRH:6
end_of_record
